[0m18:20:10.324951 [debug] [MainThread]: Sending event: {'category': 'dbt', 'action': 'invocation', 'label': 'start', 'context': [<snowplow_tracker.self_describing_json.SelfDescribingJson object at 0x000001E405EB2DE0>, <snowplow_tracker.self_describing_json.SelfDescribingJson object at 0x000001E406FDA060>, <snowplow_tracker.self_describing_json.SelfDescribingJson object at 0x000001E406FD8080>]}


============================== 18:20:10.381463 | ec2ac6c6-2a7b-4deb-9721-3173edb101f1 ==============================
[0m18:20:10.381463 [info ] [MainThread]: Running with dbt=1.10.17
[0m18:20:10.382462 [debug] [MainThread]: running dbt with arguments {'version_check': 'True', 'no_print': 'None', 'static_parser': 'True', 'warn_error_options': 'WarnErrorOptionsV2(error=[], warn=[], silence=[])', 'target_path': 'None', 'printer_width': '80', 'write_json': 'True', 'empty': 'None', 'log_cache_events': 'False', 'introspect': 'True', 'cache_selected_only': 'False', 'fail_fast': 'False', 'debug': 'False', 'log_format': 'default', 'profiles_dir': 'C:\\Users\\aleja\\.dbt', 'send_anonymous_usage_stats': 'True', 'quiet': 'False', 'warn_error': 'None', 'partial_parse': 'True', 'invocation_command': 'dbt init fargate-redshift', 'use_colors': 'True', 'indirect_selection': 'eager', 'use_experimental_parser': 'False', 'log_path': 'logs'}
[0m18:20:31.553181 [debug] [MainThread]: Starter project path: C:\Users\aleja\AppData\Local\Programs\Python\Python312\Lib\site-packages\dbt\include\starter_project
[0m18:20:31.765177 [info ] [MainThread]: 
Your new dbt project "fargateredshift" was created!

For more information on how to configure the profiles.yml file,
please consult the dbt documentation here:

  https://docs.getdbt.com/docs/configure-your-profile

One more thing:

Need help? Don't hesitate to reach out to us via GitHub issues or on Slack:

  https://community.getdbt.com/

Happy modeling!

[0m18:20:31.770179 [info ] [MainThread]: Setting up your profile.
[0m18:20:41.691889 [debug] [MainThread]: Redshift adapter: Setting redshift_connector to ERROR
[0m18:20:41.692888 [debug] [MainThread]: Redshift adapter: Setting redshift_connector.core to ERROR
[0m18:24:02.156717 [info ] [MainThread]: Profile fargateredshift written to C:\Users\aleja\.dbt\profiles.yml using target's profile_template.yml and your supplied values. Run 'dbt debug' to validate the connection.
[0m18:24:02.161718 [debug] [MainThread]: Command `dbt init` succeeded at 18:24:02.160716 after 232.45 seconds
[0m18:24:02.161718 [debug] [MainThread]: Sending event: {'category': 'dbt', 'action': 'invocation', 'label': 'end', 'context': [<snowplow_tracker.self_describing_json.SelfDescribingJson object at 0x000001E4089E4D70>, <snowplow_tracker.self_describing_json.SelfDescribingJson object at 0x000001E4070766F0>, <snowplow_tracker.self_describing_json.SelfDescribingJson object at 0x000001E4069C6930>]}
[0m18:24:02.162716 [debug] [MainThread]: Flushing usage events
[0m18:24:03.560716 [debug] [MainThread]: An error was encountered while trying to flush usage events
[0m18:35:38.952190 [debug] [MainThread]: Sending event: {'category': 'dbt', 'action': 'invocation', 'label': 'start', 'context': [<snowplow_tracker.self_describing_json.SelfDescribingJson object at 0x00000229BB78DC10>, <snowplow_tracker.self_describing_json.SelfDescribingJson object at 0x00000229BB78DF10>, <snowplow_tracker.self_describing_json.SelfDescribingJson object at 0x00000229BB78DD30>]}


============================== 18:35:39.081192 | 0112648d-3e81-4758-8fe2-417d9263f673 ==============================
[0m18:35:39.081192 [info ] [MainThread]: Running with dbt=1.10.17
[0m18:35:39.084192 [debug] [MainThread]: running dbt with arguments {'version_check': 'True', 'no_print': 'None', 'static_parser': 'True', 'target_path': 'None', 'warn_error_options': 'WarnErrorOptionsV2(error=[], warn=[], silence=[])', 'printer_width': '80', 'write_json': 'True', 'empty': 'None', 'log_cache_events': 'False', 'introspect': 'True', 'cache_selected_only': 'False', 'log_format': 'default', 'debug': 'False', 'fail_fast': 'False', 'partial_parse': 'True', 'send_anonymous_usage_stats': 'True', 'quiet': 'False', 'warn_error': 'None', 'profiles_dir': 'C:\\Users\\aleja\\.dbt', 'use_colors': 'True', 'indirect_selection': 'eager', 'invocation_command': 'dbt debug', 'use_experimental_parser': 'False', 'log_path': 'logs'}
[0m18:35:39.419190 [info ] [MainThread]: dbt version: 1.10.17
[0m18:35:39.420190 [info ] [MainThread]: python version: 3.12.7
[0m18:35:39.420190 [info ] [MainThread]: python path: C:\Users\aleja\AppData\Local\Programs\Python\Python312\python.exe
[0m18:35:39.421190 [info ] [MainThread]: os info: Windows-10-10.0.19045-SP0
[0m18:35:42.321877 [debug] [MainThread]: Redshift adapter: Setting redshift_connector to ERROR
[0m18:35:42.322877 [debug] [MainThread]: Redshift adapter: Setting redshift_connector.core to ERROR
[0m18:35:43.088361 [info ] [MainThread]: Error importing adapter: No module named 'dbt.adapters.databricks'
[0m18:35:43.096357 [info ] [MainThread]: Using profiles dir at C:\Users\aleja\.dbt
[0m18:35:43.097360 [info ] [MainThread]: Using profiles.yml file at C:\Users\aleja\.dbt\profiles.yml
[0m18:35:43.098361 [info ] [MainThread]: Using dbt_project.yml file at D:\PROYECTOS-Y-POCS\DATA-ENGINEER-AWS\16-aws-labs\2-dbt-redshift-basic\dbt_project.yml
[0m18:35:43.099360 [info ] [MainThread]: Configuration:
[0m18:35:43.101367 [info ] [MainThread]:   profiles.yml file [[31mERROR invalid[0m]
[0m18:35:43.102363 [info ] [MainThread]:   dbt_project.yml file [[31mERROR not found[0m]
[0m18:35:43.104360 [info ] [MainThread]: Required dependencies:
[0m18:35:43.107362 [debug] [MainThread]: Executing "git --help"
[0m18:35:43.249363 [debug] [MainThread]: STDOUT: "b"usage: git [-v | --version] [-h | --help] [-C <path>] [-c <name>=<value>]\n           [--exec-path[=<path>]] [--html-path] [--man-path] [--info-path]\n           [-p | --paginate | -P | --no-pager] [--no-replace-objects] [--no-lazy-fetch]\n           [--no-optional-locks] [--no-advice] [--bare] [--git-dir=<path>]\n           [--work-tree=<path>] [--namespace=<name>] [--config-env=<name>=<envvar>]\n           <command> [<args>]\n\nThese are common Git commands used in various situations:\n\nstart a working area (see also: git help tutorial)\n   clone     Clone a repository into a new directory\n   init      Create an empty Git repository or reinitialize an existing one\n\nwork on the current change (see also: git help everyday)\n   add       Add file contents to the index\n   mv        Move or rename a file, a directory, or a symlink\n   restore   Restore working tree files\n   rm        Remove files from the working tree and from the index\n\nexamine the history and state (see also: git help revisions)\n   bisect    Use binary search to find the commit that introduced a bug\n   diff      Show changes between commits, commit and working tree, etc\n   grep      Print lines matching a pattern\n   log       Show commit logs\n   show      Show various types of objects\n   status    Show the working tree status\n\ngrow, mark and tweak your common history\n   branch    List, create, or delete branches\n   commit    Record changes to the repository\n   merge     Join two or more development histories together\n   rebase    Reapply commits on top of another base tip\n   reset     Reset current HEAD to the specified state\n   switch    Switch branches\n   tag       Create, list, delete or verify a tag object signed with GPG\n\ncollaborate (see also: git help workflows)\n   fetch     Download objects and refs from another repository\n   pull      Fetch from and integrate with another repository or a local branch\n   push      Update remote refs along with associated objects\n\n'git help -a' and 'git help -g' list available subcommands and some\nconcept guides. See 'git help <command>' or 'git help <concept>'\nto read about a specific subcommand or concept.\nSee 'git help git' for an overview of the system.\n""
[0m18:35:43.250366 [debug] [MainThread]: STDERR: "b''"
[0m18:35:43.251363 [info ] [MainThread]:  - git [[32mOK found[0m]

[0m18:35:43.255361 [info ] [MainThread]: Connection test skipped since no profile was found
[0m18:35:43.256360 [info ] [MainThread]: [31m2 checks failed:[0m
[0m18:35:43.257361 [info ] [MainThread]: Could not load dbt_project.yml
Profile loading failed for the following reason:
Runtime Error
  Compilation Error
    Could not render dbt_test_{{ var('_dbt_random_suffix') }}: Required var '_dbt_random_suffix' not found in config:
    Vars supplied to <Configuration> = {}

Runtime Error
  Compilation Error
    Could not render dbt_test_{{ var('_dbt_random_suffix') }}: Required var '_dbt_random_suffix' not found in config:
    Vars supplied to <Configuration> = {}

Runtime Error
  Credentials in profile "medallion_dbt_spark", target "dev" invalid: Runtime Error
    Could not find adapter type databricks!

Runtime Error
  Compilation Error
    Could not render dbt_test_{{ var('_dbt_random_suffix') }}: Required var '_dbt_random_suffix' not found in config:
    Vars supplied to <Configuration> = {}

Runtime Error
  Compilation Error
    Could not render dbt_test_{{ var('_dbt_random_suffix') }}: Required var '_dbt_random_suffix' not found in config:
    Vars supplied to <Configuration> = {}


[0m18:35:43.264365 [info ] [MainThread]: Project loading failed for the following reason:
 project path <D:\PROYECTOS-Y-POCS\DATA-ENGINEER-AWS\16-aws-labs\2-dbt-redshift-basic\dbt_project.yml> not found

[0m18:35:43.268358 [debug] [MainThread]: Command `dbt debug` failed at 18:35:43.268358 after 5.52 seconds
[0m18:35:43.269361 [debug] [MainThread]: Sending event: {'category': 'dbt', 'action': 'invocation', 'label': 'end', 'context': [<snowplow_tracker.self_describing_json.SelfDescribingJson object at 0x00000229BAFF6B40>, <snowplow_tracker.self_describing_json.SelfDescribingJson object at 0x00000229BB058DA0>, <snowplow_tracker.self_describing_json.SelfDescribingJson object at 0x00000229BB7B2BA0>]}
[0m18:35:43.269361 [debug] [MainThread]: Flushing usage events
[0m18:35:44.823654 [debug] [MainThread]: An error was encountered while trying to flush usage events
[0m18:36:32.356520 [debug] [MainThread]: Sending event: {'category': 'dbt', 'action': 'invocation', 'label': 'start', 'context': [<snowplow_tracker.self_describing_json.SelfDescribingJson object at 0x0000027509F8A540>, <snowplow_tracker.self_describing_json.SelfDescribingJson object at 0x000002750764D9A0>, <snowplow_tracker.self_describing_json.SelfDescribingJson object at 0x000002750A274620>]}


============================== 18:36:32.363522 | bfacde28-63dc-47c5-9c91-46a520ac2ce3 ==============================
[0m18:36:32.363522 [info ] [MainThread]: Running with dbt=1.10.17
[0m18:36:32.364524 [debug] [MainThread]: running dbt with arguments {'version_check': 'True', 'no_print': 'None', 'static_parser': 'True', 'warn_error_options': 'WarnErrorOptionsV2(error=[], warn=[], silence=[])', 'target_path': 'None', 'printer_width': '80', 'write_json': 'True', 'introspect': 'True', 'log_cache_events': 'False', 'empty': 'None', 'cache_selected_only': 'False', 'fail_fast': 'False', 'debug': 'False', 'log_format': 'default', 'partial_parse': 'True', 'send_anonymous_usage_stats': 'True', 'quiet': 'False', 'warn_error': 'None', 'profiles_dir': 'C:\\Users\\aleja\\.dbt', 'indirect_selection': 'eager', 'use_colors': 'True', 'invocation_command': 'dbt debug', 'use_experimental_parser': 'False', 'log_path': 'logs'}
[0m18:36:32.413519 [info ] [MainThread]: dbt version: 1.10.17
[0m18:36:32.414519 [info ] [MainThread]: python version: 3.12.7
[0m18:36:32.415522 [info ] [MainThread]: python path: C:\Users\aleja\AppData\Local\Programs\Python\Python312\python.exe
[0m18:36:32.415522 [info ] [MainThread]: os info: Windows-10-10.0.19045-SP0
[0m18:36:32.886521 [debug] [MainThread]: Redshift adapter: Setting redshift_connector to ERROR
[0m18:36:32.887520 [debug] [MainThread]: Redshift adapter: Setting redshift_connector.core to ERROR
[0m18:36:33.081520 [info ] [MainThread]: Error importing adapter: No module named 'dbt.adapters.databricks'
[0m18:36:33.089521 [info ] [MainThread]: Using profiles dir at C:\Users\aleja\.dbt
[0m18:36:33.090518 [info ] [MainThread]: Using profiles.yml file at C:\Users\aleja\.dbt\profiles.yml
[0m18:36:33.091520 [info ] [MainThread]: Using dbt_project.yml file at D:\PROYECTOS-Y-POCS\DATA-ENGINEER-AWS\16-aws-labs\2-dbt-redshift-basic\dbt_project.yml
[0m18:36:33.094523 [info ] [MainThread]: Configuration:
[0m18:36:33.095521 [info ] [MainThread]:   profiles.yml file [[31mERROR invalid[0m]
[0m18:36:33.096521 [info ] [MainThread]:   dbt_project.yml file [[31mERROR not found[0m]
[0m18:36:33.097519 [info ] [MainThread]: Required dependencies:
[0m18:36:33.104523 [debug] [MainThread]: Executing "git --help"
[0m18:36:33.171519 [debug] [MainThread]: STDOUT: "b"usage: git [-v | --version] [-h | --help] [-C <path>] [-c <name>=<value>]\n           [--exec-path[=<path>]] [--html-path] [--man-path] [--info-path]\n           [-p | --paginate | -P | --no-pager] [--no-replace-objects] [--no-lazy-fetch]\n           [--no-optional-locks] [--no-advice] [--bare] [--git-dir=<path>]\n           [--work-tree=<path>] [--namespace=<name>] [--config-env=<name>=<envvar>]\n           <command> [<args>]\n\nThese are common Git commands used in various situations:\n\nstart a working area (see also: git help tutorial)\n   clone     Clone a repository into a new directory\n   init      Create an empty Git repository or reinitialize an existing one\n\nwork on the current change (see also: git help everyday)\n   add       Add file contents to the index\n   mv        Move or rename a file, a directory, or a symlink\n   restore   Restore working tree files\n   rm        Remove files from the working tree and from the index\n\nexamine the history and state (see also: git help revisions)\n   bisect    Use binary search to find the commit that introduced a bug\n   diff      Show changes between commits, commit and working tree, etc\n   grep      Print lines matching a pattern\n   log       Show commit logs\n   show      Show various types of objects\n   status    Show the working tree status\n\ngrow, mark and tweak your common history\n   branch    List, create, or delete branches\n   commit    Record changes to the repository\n   merge     Join two or more development histories together\n   rebase    Reapply commits on top of another base tip\n   reset     Reset current HEAD to the specified state\n   switch    Switch branches\n   tag       Create, list, delete or verify a tag object signed with GPG\n\ncollaborate (see also: git help workflows)\n   fetch     Download objects and refs from another repository\n   pull      Fetch from and integrate with another repository or a local branch\n   push      Update remote refs along with associated objects\n\n'git help -a' and 'git help -g' list available subcommands and some\nconcept guides. See 'git help <command>' or 'git help <concept>'\nto read about a specific subcommand or concept.\nSee 'git help git' for an overview of the system.\n""
[0m18:36:33.172519 [debug] [MainThread]: STDERR: "b''"
[0m18:36:33.172519 [info ] [MainThread]:  - git [[32mOK found[0m]

[0m18:36:33.177522 [info ] [MainThread]: Connection test skipped since no profile was found
[0m18:36:33.178521 [info ] [MainThread]: [31m2 checks failed:[0m
[0m18:36:33.180522 [info ] [MainThread]: Could not load dbt_project.yml
Profile loading failed for the following reason:
Runtime Error
  Compilation Error
    Could not render dbt_test_{{ var('_dbt_random_suffix') }}: Required var '_dbt_random_suffix' not found in config:
    Vars supplied to <Configuration> = {}

Runtime Error
  Compilation Error
    Could not render dbt_test_{{ var('_dbt_random_suffix') }}: Required var '_dbt_random_suffix' not found in config:
    Vars supplied to <Configuration> = {}

Runtime Error
  Credentials in profile "medallion_dbt_spark", target "dev" invalid: Runtime Error
    Could not find adapter type databricks!

Runtime Error
  Compilation Error
    Could not render dbt_test_{{ var('_dbt_random_suffix') }}: Required var '_dbt_random_suffix' not found in config:
    Vars supplied to <Configuration> = {}

Runtime Error
  Compilation Error
    Could not render dbt_test_{{ var('_dbt_random_suffix') }}: Required var '_dbt_random_suffix' not found in config:
    Vars supplied to <Configuration> = {}


[0m18:36:33.190520 [info ] [MainThread]: Project loading failed for the following reason:
 project path <D:\PROYECTOS-Y-POCS\DATA-ENGINEER-AWS\16-aws-labs\2-dbt-redshift-basic\dbt_project.yml> not found

[0m18:36:33.192523 [debug] [MainThread]: Command `dbt debug` failed at 18:36:33.192523 after 1.12 seconds
[0m18:36:33.193524 [debug] [MainThread]: Sending event: {'category': 'dbt', 'action': 'invocation', 'label': 'end', 'context': [<snowplow_tracker.self_describing_json.SelfDescribingJson object at 0x000002750BA54BC0>, <snowplow_tracker.self_describing_json.SelfDescribingJson object at 0x000002750C0D0530>, <snowplow_tracker.self_describing_json.SelfDescribingJson object at 0x000002750C201E20>]}
[0m18:36:33.195527 [debug] [MainThread]: Flushing usage events
[0m18:36:34.381552 [debug] [MainThread]: An error was encountered while trying to flush usage events
